Build started 16/7/2556 23:20:18.
     1>Project "C:\Users\drnutjuang\documents\visual studio 2010\Projects\sampleMid\sampleMid\sampleMid.vcxproj" on node 2 (build target(s)).
     1>InitializeBuildStatus:
         Creating "Debug\sampleMid.unsuccessfulbuild" because "AlwaysCreate" was specified.
       ClCompile:
         D:\Program Files (x86)\Microsoft Visual Studio 10.0\VC\bin\CL.exe /c /ZI /nologo /W3 /WX- /Od /Oy- /D WIN32 /D _DEBUG /D _CONSOLE /D _UNICODE /D UNICODE /Gm /EHsc /RTC1 /MDd /GS /fp:precise /Zc:wchar_t /Zc:forScope /Fo"Debug\\" /Fd"Debug\vc100.pdb" /Gd /TP /analyze- /errorReport:prompt sampleQueue.cpp
         sampleQueue.cpp
       ManifestResourceCompile:
         All outputs are up-to-date.
       Link:
         D:\Program Files (x86)\Microsoft Visual Studio 10.0\VC\bin\link.exe /ERRORREPORT:PROMPT /OUT:"C:\Users\drnutjuang\documents\visual studio 2010\Projects\sampleMid\Debug\sampleMid.exe" /INCREMENTAL /NOLOGO kernel32.lib user32.lib gdi32.lib winspool.lib comdlg32.lib advapi32.lib shell32.lib ole32.lib oleaut32.lib uuid.lib odbc32.lib odbccp32.lib /MANIFEST /ManifestFile:"Debug\sampleMid.exe.intermediate.manifest" /MANIFESTUAC:"level='asInvoker' uiAccess='false'" /DEBUG /PDB:"C:\Users\drnutjuang\documents\visual studio 2010\Projects\sampleMid\Debug\sampleMid.pdb" /SUBSYSTEM:CONSOLE /TLBID:1 /DYNAMICBASE /NXCOMPAT /IMPLIB:"C:\Users\drnutjuang\documents\visual studio 2010\Projects\sampleMid\Debug\sampleMid.lib" /MACHINE:X86 Debug\sampleMid.exe.embed.manifest.res
         Debug\sample1.obj
         Debug\sample2.obj
         Debug\sample3.obj
         Debug\sampleQueue.obj
       Manifest:
         C:\Program Files (x86)\Microsoft SDKs\Windows\v7.0A\bin\mt.exe /nologo /verbose /out:"Debug\sampleMid.exe.embed.manifest" /manifest Debug\sampleMid.exe.intermediate.manifest
         All outputs are up-to-date.
       LinkEmbedManifest:
         All outputs are up-to-date.
         sampleMid.vcxproj -> C:\Users\drnutjuang\documents\visual studio 2010\Projects\sampleMid\Debug\sampleMid.exe
       FinalizeBuildStatus:
         Deleting file "Debug\sampleMid.unsuccessfulbuild".
         Touching "Debug\sampleMid.lastbuildstate".
     1>Done Building Project "C:\Users\drnutjuang\documents\visual studio 2010\Projects\sampleMid\sampleMid\sampleMid.vcxproj" (build target(s)).

Build succeeded.

Time Elapsed 00:00:02.55
